TRACE::2022-06-02.17:34:23::SCWPlatform::Trying to open the hw design at C:/IPSOC/XSA/24_05_2022ControlDIRECTOBI100_1/hw/24_05_2022ControlDIRECTOBI100.xsa
TRACE::2022-06-02.17:34:23::SCWPlatform::DSA given C:/IPSOC/XSA/24_05_2022ControlDIRECTOBI100_1/hw/24_05_2022ControlDIRECTOBI100.xsa
TRACE::2022-06-02.17:34:23::SCWPlatform::DSA absoulate path C:/IPSOC/XSA/24_05_2022ControlDIRECTOBI100_1/hw/24_05_2022ControlDIRECTOBI100.xsa
TRACE::2022-06-02.17:34:25::SCWPlatform::DSA directory C:/IPSOC/XSA/24_05_2022ControlDIRECTOBI100_1/hw
TRACE::2022-06-02.17:34:25::SCWPlatform:: Platform Path C:/IPSOC/XSA/24_05_2022ControlDIRECTOBI100_1/hw/24_05_2022ControlDIRECTOBI100.xsa
TRACE::2022-06-02.17:34:25::SCWPlatform:: Unique name xilinx:basys3::0.0
TRACE::2022-06-02.17:34:25::SCWPlatform::Do not have an existing db opened. 
TRACE::2022-06-02.17:34:25::SCWPlatform::Opened new HwDB with name SOCIPLAZO_wrapper_0
TRACE::2022-06-02.17:34:25::SCWWriter::formatted JSON is {
	"platformName":	"24_05_2022ControlDIRECTOBI100_1",
	"sprVersion":	"2.0",
	"mode":	"gui",
	"dsaType":	"Fixed",
	"platformDesc":	"24_05_2022ControlDIRECTOBI100_1",
	"platHandOff":	"C:/IPSOC/XSA/24_05_2022ControlDIRECTOBI100.xsa",
	"platIntHandOff":	"<platformDir>/hw/24_05_2022ControlDIRECTOBI100.xsa",
	"deviceType":	"FPGA",
	"platIsPrebuiltAutogen":	"false",
	"platIsNoBootBsp":	"false",
	"hasFsblMakeHasChanges":	"false",
	"hasPmufwMakeHasChanges":	"false",
	"platPreBuiltFlag":	false,
	"platformSamplesDir":	""
}
TRACE::2022-06-02.17:34:25::SCWWriter::formatted JSON is {
	"platformName":	"24_05_2022ControlDIRECTOBI100_1",
	"sprVersion":	"2.0",
	"mode":	"gui",
	"dsaType":	"Fixed",
	"platformDesc":	"24_05_2022ControlDIRECTOBI100_1",
	"platHandOff":	"C:/IPSOC/XSA/24_05_2022ControlDIRECTOBI100.xsa",
	"platIntHandOff":	"<platformDir>/hw/24_05_2022ControlDIRECTOBI100.xsa",
	"deviceType":	"FPGA",
	"platIsPrebuiltAutogen":	"false",
	"platIsNoBootBsp":	"false",
	"hasFsblMakeHasChanges":	"false",
	"hasPmufwMakeHasChanges":	"false",
	"platPreBuiltFlag":	false,
	"platformSamplesDir":	"",
	"platActiveSys":	"24_05_2022ControlDIRECTOBI100_1",
	"systems":	[{
			"systemName":	"24_05_2022ControlDIRECTOBI100_1",
			"systemDesc":	"24_05_2022ControlDIRECTOBI100_1",
			"sysIsBootAutoGen":	"true",
			"systemDispName":	"24_05_2022ControlDIRECTOBI100_1"
		}]
}
TRACE::2022-06-02.17:34:25::SCWPlatform::Boot application domains not present, creating them
TRACE::2022-06-02.17:34:25::SCWPlatform::Pure FPGA device, no boot application will be created.
TRACE::2022-06-02.17:34:25::SCWWriter::formatted JSON is {
	"platformName":	"24_05_2022ControlDIRECTOBI100_1",
	"sprVersion":	"2.0",
	"mode":	"gui",
	"dsaType":	"Fixed",
	"platformDesc":	"24_05_2022ControlDIRECTOBI100_1",
	"platHandOff":	"C:/IPSOC/XSA/24_05_2022ControlDIRECTOBI100.xsa",
	"platIntHandOff":	"<platformDir>/hw/24_05_2022ControlDIRECTOBI100.xsa",
	"deviceType":	"FPGA",
	"platIsPrebuiltAutogen":	"false",
	"platIsNoBootBsp":	"false",
	"hasFsblMakeHasChanges":	"false",
	"hasPmufwMakeHasChanges":	"false",
	"platPreBuiltFlag":	false,
	"platformSamplesDir":	"",
	"platActiveSys":	"24_05_2022ControlDIRECTOBI100_1",
	"systems":	[{
			"systemName":	"24_05_2022ControlDIRECTOBI100_1",
			"systemDesc":	"24_05_2022ControlDIRECTOBI100_1",
			"sysIsBootAutoGen":	"true",
			"systemDispName":	"24_05_2022ControlDIRECTOBI100_1"
		}]
}
TRACE::2022-06-02.17:34:25::SCWWriter::formatted JSON is {
	"platformName":	"24_05_2022ControlDIRECTOBI100_1",
	"sprVersion":	"2.0",
	"mode":	"gui",
	"dsaType":	"Fixed",
	"platformDesc":	"24_05_2022ControlDIRECTOBI100_1",
	"platHandOff":	"C:/IPSOC/XSA/24_05_2022ControlDIRECTOBI100.xsa",
	"platIntHandOff":	"<platformDir>/hw/24_05_2022ControlDIRECTOBI100.xsa",
	"deviceType":	"FPGA",
	"platIsPrebuiltAutogen":	"false",
	"platIsNoBootBsp":	"false",
	"hasFsblMakeHasChanges":	"false",
	"hasPmufwMakeHasChanges":	"false",
	"platPreBuiltFlag":	false,
	"platformSamplesDir":	"",
	"platActiveSys":	"24_05_2022ControlDIRECTOBI100_1",
	"systems":	[{
			"systemName":	"24_05_2022ControlDIRECTOBI100_1",
			"systemDesc":	"24_05_2022ControlDIRECTOBI100_1",
			"sysIsBootAutoGen":	"true",
			"systemDispName":	"24_05_2022ControlDIRECTOBI100_1"
		}]
}
TRACE::2022-06-02.17:34:25::SCWPlatform::Trying to open the hw design at C:/IPSOC/XSA/24_05_2022ControlDIRECTOBI100_1/hw/24_05_2022ControlDIRECTOBI100.xsa
TRACE::2022-06-02.17:34:25::SCWPlatform::DSA given C:/IPSOC/XSA/24_05_2022ControlDIRECTOBI100_1/hw/24_05_2022ControlDIRECTOBI100.xsa
TRACE::2022-06-02.17:34:25::SCWPlatform::DSA absoulate path C:/IPSOC/XSA/24_05_2022ControlDIRECTOBI100_1/hw/24_05_2022ControlDIRECTOBI100.xsa
TRACE::2022-06-02.17:34:25::SCWPlatform::DSA directory C:/IPSOC/XSA/24_05_2022ControlDIRECTOBI100_1/hw
TRACE::2022-06-02.17:34:25::SCWPlatform:: Platform Path C:/IPSOC/XSA/24_05_2022ControlDIRECTOBI100_1/hw/24_05_2022ControlDIRECTOBI100.xsa
TRACE::2022-06-02.17:34:25::SCWPlatform:: Unique name xilinx:basys3::0.0
TRACE::2022-06-02.17:34:25::SCWPlatform::Trying to set the existing hwdb with name SOCIPLAZO_wrapper_0
TRACE::2022-06-02.17:34:25::SCWPlatform::Opened existing hwdb SOCIPLAZO_wrapper_0
TRACE::2022-06-02.17:34:25::SCWPlatform::Found the Hw Db part of the input DSA
TRACE::2022-06-02.17:34:25::SCWDomain::checking for install qemu data   : 
TRACE::2022-06-02.17:34:25::SCWPlatform::Trying to open the hw design at C:/IPSOC/XSA/24_05_2022ControlDIRECTOBI100_1/hw/24_05_2022ControlDIRECTOBI100.xsa
TRACE::2022-06-02.17:34:25::SCWPlatform::DSA given C:/IPSOC/XSA/24_05_2022ControlDIRECTOBI100_1/hw/24_05_2022ControlDIRECTOBI100.xsa
TRACE::2022-06-02.17:34:25::SCWPlatform::DSA absoulate path C:/IPSOC/XSA/24_05_2022ControlDIRECTOBI100_1/hw/24_05_2022ControlDIRECTOBI100.xsa
TRACE::2022-06-02.17:34:25::SCWPlatform::DSA directory C:/IPSOC/XSA/24_05_2022ControlDIRECTOBI100_1/hw
TRACE::2022-06-02.17:34:25::SCWPlatform:: Platform Path C:/IPSOC/XSA/24_05_2022ControlDIRECTOBI100_1/hw/24_05_2022ControlDIRECTOBI100.xsa
TRACE::2022-06-02.17:34:25::SCWPlatform:: Unique name xilinx:basys3::0.0
TRACE::2022-06-02.17:34:25::SCWPlatform::Trying to set the existing hwdb with name SOCIPLAZO_wrapper_0
TRACE::2022-06-02.17:34:25::SCWPlatform::Opened existing hwdb SOCIPLAZO_wrapper_0
TRACE::2022-06-02.17:34:25::SCWPlatform::Found the Hw Db part of the input DSA
TRACE::2022-06-02.17:34:25::SCWPlatform::Trying to open the hw design at C:/IPSOC/XSA/24_05_2022ControlDIRECTOBI100_1/hw/24_05_2022ControlDIRECTOBI100.xsa
TRACE::2022-06-02.17:34:25::SCWPlatform::DSA given C:/IPSOC/XSA/24_05_2022ControlDIRECTOBI100_1/hw/24_05_2022ControlDIRECTOBI100.xsa
TRACE::2022-06-02.17:34:25::SCWPlatform::DSA absoulate path C:/IPSOC/XSA/24_05_2022ControlDIRECTOBI100_1/hw/24_05_2022ControlDIRECTOBI100.xsa
TRACE::2022-06-02.17:34:25::SCWPlatform::DSA directory C:/IPSOC/XSA/24_05_2022ControlDIRECTOBI100_1/hw
TRACE::2022-06-02.17:34:25::SCWPlatform:: Platform Path C:/IPSOC/XSA/24_05_2022ControlDIRECTOBI100_1/hw/24_05_2022ControlDIRECTOBI100.xsa
TRACE::2022-06-02.17:34:25::SCWPlatform:: Unique name xilinx:basys3::0.0
TRACE::2022-06-02.17:34:25::SCWPlatform::Trying to set the existing hwdb with name SOCIPLAZO_wrapper_0
TRACE::2022-06-02.17:34:25::SCWPlatform::Opened existing hwdb SOCIPLAZO_wrapper_0
TRACE::2022-06-02.17:34:25::SCWPlatform::Found the Hw Db part of the input DSA
TRACE::2022-06-02.17:34:25::SCWPlatform::Trying to open the hw design at C:/IPSOC/XSA/24_05_2022ControlDIRECTOBI100_1/hw/24_05_2022ControlDIRECTOBI100.xsa
TRACE::2022-06-02.17:34:25::SCWPlatform::DSA given C:/IPSOC/XSA/24_05_2022ControlDIRECTOBI100_1/hw/24_05_2022ControlDIRECTOBI100.xsa
TRACE::2022-06-02.17:34:25::SCWPlatform::DSA absoulate path C:/IPSOC/XSA/24_05_2022ControlDIRECTOBI100_1/hw/24_05_2022ControlDIRECTOBI100.xsa
TRACE::2022-06-02.17:34:25::SCWPlatform::DSA directory C:/IPSOC/XSA/24_05_2022ControlDIRECTOBI100_1/hw
TRACE::2022-06-02.17:34:25::SCWPlatform:: Platform Path C:/IPSOC/XSA/24_05_2022ControlDIRECTOBI100_1/hw/24_05_2022ControlDIRECTOBI100.xsa
TRACE::2022-06-02.17:34:25::SCWPlatform:: Unique name xilinx:basys3::0.0
TRACE::2022-06-02.17:34:25::SCWPlatform::Trying to set the existing hwdb with name SOCIPLAZO_wrapper_0
TRACE::2022-06-02.17:34:25::SCWPlatform::Opened existing hwdb SOCIPLAZO_wrapper_0
TRACE::2022-06-02.17:34:25::SCWPlatform::Found the Hw Db part of the input DSA
TRACE::2022-06-02.17:34:25::SCWMssOS::Checking the sw design at  C:/IPSOC/XSA/24_05_2022ControlDIRECTOBI100_1/microblaze_0/domain_microblaze_0/bsp/system.mss
TRACE::2022-06-02.17:34:25::SCWMssOS::DEBUG:  swdes dump  
TRACE::2022-06-02.17:34:25::SCWMssOS::No sw design opened at  C:/IPSOC/XSA/24_05_2022ControlDIRECTOBI100_1/microblaze_0/domain_microblaze_0/bsp/system.mss
TRACE::2022-06-02.17:34:25::SCWMssOS::mss does not exists at C:/IPSOC/XSA/24_05_2022ControlDIRECTOBI100_1/microblaze_0/domain_microblaze_0/bsp/system.mss
TRACE::2022-06-02.17:34:25::SCWMssOS::Creating sw design at  C:/IPSOC/XSA/24_05_2022ControlDIRECTOBI100_1/microblaze_0/domain_microblaze_0/bsp/system.mss
TRACE::2022-06-02.17:34:25::SCWMssOS::Adding the swdes entry, created swdb C:/IPSOC/XSA/24_05_2022ControlDIRECTOBI100_1/microblaze_0/domain_microblaze_0/bsp/system.mss with des name C:/IPSOC/XSA/24_05_2022ControlDIRECTOBI100_1/microblaze_0/domain_microblaze_0/bsp/system.mss
TRACE::2022-06-02.17:34:25::SCWMssOS::updating the scw layer changes to swdes at   C:/IPSOC/XSA/24_05_2022ControlDIRECTOBI100_1/microblaze_0/domain_microblaze_0/bsp/system.mss
TRACE::2022-06-02.17:34:25::SCWMssOS::Writing mss at C:/IPSOC/XSA/24_05_2022ControlDIRECTOBI100_1/microblaze_0/domain_microblaze_0/bsp/system.mss
TRACE::2022-06-02.17:34:25::SCWMssOS::Completed writing the mss file at C:/IPSOC/XSA/24_05_2022ControlDIRECTOBI100_1/microblaze_0/domain_microblaze_0/bsp
TRACE::2022-06-02.17:34:25::SCWMssOS::Picking up changes from newly written mss file into SCW Layer. 
TRACE::2022-06-02.17:34:25::SCWMssOS::Updated the changes from newly written mss file into SCW Layer. 
TRACE::2022-06-02.17:34:25::SCWMssOS::Completed writing the mss file at C:/IPSOC/XSA/24_05_2022ControlDIRECTOBI100_1/microblaze_0/domain_microblaze_0/bsp
TRACE::2022-06-02.17:34:25::SCWMssOS::Forcing BSP Sources regeneration.
TRACE::2022-06-02.17:34:31::SCWMssOS::Saving the mss changes C:/IPSOC/XSA/24_05_2022ControlDIRECTOBI100_1/microblaze_0/domain_microblaze_0/bsp/system.mss
TRACE::2022-06-02.17:34:31::SCWMssOS::Found a swdesign opened with the mssfile.
TRACE::2022-06-02.17:34:31::SCWMssOS::Running validate of swdbs.
KEYINFO::2022-06-02.17:34:31::SCWMssOS::Could not open the swdb for C:/IPSOC/XSA/24_05_2022ControlDIRECTOBI100_1/microblaze_0/domain_microblaze_0/bsp/system.mss
KEYINFO::2022-06-02.17:34:31::SCWMssOS::Could not open the sw design at  C:/IPSOC/XSA/24_05_2022ControlDIRECTOBI100_1/microblaze_0/domain_microblaze_0/bsp/system.mss
ERROR: [Hsi 55-1558] Software Design C:/IPSOC/XSA/24_05_2022ControlDIRECTOBI100_1/microblaze_0/domain_microblaze_0/bsp/system.mss is not found

TRACE::2022-06-02.17:34:31::SCWMssOS::Cleared the swdb table entry
TRACE::2022-06-02.17:34:31::SCWMssOS::Adding the swdes entry, mss present, able to open swdb C:/IPSOC/XSA/24_05_2022ControlDIRECTOBI100_1/microblaze_0/domain_microblaze_0/bsp/system.mss with des name system
TRACE::2022-06-02.17:34:31::SCWMssOS::Writing the mss file completed C:/IPSOC/XSA/24_05_2022ControlDIRECTOBI100_1/microblaze_0/domain_microblaze_0/bsp/system.mss
TRACE::2022-06-02.17:34:31::SCWMssOS::Commit changes completed.
TRACE::2022-06-02.17:34:31::SCWPlatform::Trying to open the hw design at C:/IPSOC/XSA/24_05_2022ControlDIRECTOBI100_1/hw/24_05_2022ControlDIRECTOBI100.xsa
TRACE::2022-06-02.17:34:31::SCWPlatform::DSA given C:/IPSOC/XSA/24_05_2022ControlDIRECTOBI100_1/hw/24_05_2022ControlDIRECTOBI100.xsa
TRACE::2022-06-02.17:34:31::SCWPlatform::DSA absoulate path C:/IPSOC/XSA/24_05_2022ControlDIRECTOBI100_1/hw/24_05_2022ControlDIRECTOBI100.xsa
TRACE::2022-06-02.17:34:31::SCWPlatform::DSA directory C:/IPSOC/XSA/24_05_2022ControlDIRECTOBI100_1/hw
TRACE::2022-06-02.17:34:31::SCWPlatform:: Platform Path C:/IPSOC/XSA/24_05_2022ControlDIRECTOBI100_1/hw/24_05_2022ControlDIRECTOBI100.xsa
TRACE::2022-06-02.17:34:31::SCWPlatform:: Unique name xilinx:basys3::0.0
TRACE::2022-06-02.17:34:31::SCWPlatform::Trying to set the existing hwdb with name SOCIPLAZO_wrapper_0
TRACE::2022-06-02.17:34:31::SCWPlatform::Opened existing hwdb SOCIPLAZO_wrapper_0
TRACE::2022-06-02.17:34:31::SCWPlatform::Found the Hw Db part of the input DSA
TRACE::2022-06-02.17:34:31::SCWMssOS::Checking the sw design at  C:/IPSOC/XSA/24_05_2022ControlDIRECTOBI100_1/microblaze_0/domain_microblaze_0/bsp/system.mss
TRACE::2022-06-02.17:34:31::SCWMssOS::DEBUG:  swdes dump  C:/IPSOC/XSA/24_05_2022ControlDIRECTOBI100_1/microblaze_0/domain_microblaze_0/bsp/system.mss|system||

TRACE::2022-06-02.17:34:31::SCWMssOS::Sw design exists and opened at  C:/IPSOC/XSA/24_05_2022ControlDIRECTOBI100_1/microblaze_0/domain_microblaze_0/bsp/system.mss
TRACE::2022-06-02.17:34:31::SCWPlatform::Trying to open the hw design at C:/IPSOC/XSA/24_05_2022ControlDIRECTOBI100_1/hw/24_05_2022ControlDIRECTOBI100.xsa
TRACE::2022-06-02.17:34:31::SCWPlatform::DSA given C:/IPSOC/XSA/24_05_2022ControlDIRECTOBI100_1/hw/24_05_2022ControlDIRECTOBI100.xsa
TRACE::2022-06-02.17:34:31::SCWPlatform::DSA absoulate path C:/IPSOC/XSA/24_05_2022ControlDIRECTOBI100_1/hw/24_05_2022ControlDIRECTOBI100.xsa
TRACE::2022-06-02.17:34:31::SCWPlatform::DSA directory C:/IPSOC/XSA/24_05_2022ControlDIRECTOBI100_1/hw
TRACE::2022-06-02.17:34:31::SCWPlatform:: Platform Path C:/IPSOC/XSA/24_05_2022ControlDIRECTOBI100_1/hw/24_05_2022ControlDIRECTOBI100.xsa
TRACE::2022-06-02.17:34:31::SCWPlatform:: Unique name xilinx:basys3::0.0
TRACE::2022-06-02.17:34:31::SCWPlatform::Trying to set the existing hwdb with name SOCIPLAZO_wrapper_0
TRACE::2022-06-02.17:34:31::SCWPlatform::Opened existing hwdb SOCIPLAZO_wrapper_0
TRACE::2022-06-02.17:34:31::SCWPlatform::Found the Hw Db part of the input DSA
TRACE::2022-06-02.17:34:31::SCWMssOS::Checking the sw design at  C:/IPSOC/XSA/24_05_2022ControlDIRECTOBI100_1/microblaze_0/domain_microblaze_0/bsp/system.mss
TRACE::2022-06-02.17:34:31::SCWMssOS::DEBUG:  swdes dump  C:/IPSOC/XSA/24_05_2022ControlDIRECTOBI100_1/microblaze_0/domain_microblaze_0/bsp/system.mss|system||

TRACE::2022-06-02.17:34:31::SCWMssOS::Sw design exists and opened at  C:/IPSOC/XSA/24_05_2022ControlDIRECTOBI100_1/microblaze_0/domain_microblaze_0/bsp/system.mss
TRACE::2022-06-02.17:34:31::SCWPlatform::Trying to open the hw design at C:/IPSOC/XSA/24_05_2022ControlDIRECTOBI100_1/hw/24_05_2022ControlDIRECTOBI100.xsa
TRACE::2022-06-02.17:34:31::SCWPlatform::DSA given C:/IPSOC/XSA/24_05_2022ControlDIRECTOBI100_1/hw/24_05_2022ControlDIRECTOBI100.xsa
TRACE::2022-06-02.17:34:31::SCWPlatform::DSA absoulate path C:/IPSOC/XSA/24_05_2022ControlDIRECTOBI100_1/hw/24_05_2022ControlDIRECTOBI100.xsa
TRACE::2022-06-02.17:34:31::SCWPlatform::DSA directory C:/IPSOC/XSA/24_05_2022ControlDIRECTOBI100_1/hw
TRACE::2022-06-02.17:34:31::SCWPlatform:: Platform Path C:/IPSOC/XSA/24_05_2022ControlDIRECTOBI100_1/hw/24_05_2022ControlDIRECTOBI100.xsa
TRACE::2022-06-02.17:34:31::SCWPlatform:: Unique name xilinx:basys3::0.0
TRACE::2022-06-02.17:34:31::SCWPlatform::Trying to set the existing hwdb with name SOCIPLAZO_wrapper_0
TRACE::2022-06-02.17:34:31::SCWPlatform::Opened existing hwdb SOCIPLAZO_wrapper_0
TRACE::2022-06-02.17:34:31::SCWPlatform::Found the Hw Db part of the input DSA
TRACE::2022-06-02.17:34:31::SCWMssOS::Checking the sw design at  C:/IPSOC/XSA/24_05_2022ControlDIRECTOBI100_1/microblaze_0/domain_microblaze_0/bsp/system.mss
TRACE::2022-06-02.17:34:31::SCWMssOS::DEBUG:  swdes dump  C:/IPSOC/XSA/24_05_2022ControlDIRECTOBI100_1/microblaze_0/domain_microblaze_0/bsp/system.mss|system||

TRACE::2022-06-02.17:34:31::SCWMssOS::Sw design exists and opened at  C:/IPSOC/XSA/24_05_2022ControlDIRECTOBI100_1/microblaze_0/domain_microblaze_0/bsp/system.mss
TRACE::2022-06-02.17:34:31::SCWWriter::formatted JSON is {
	"platformName":	"24_05_2022ControlDIRECTOBI100_1",
	"sprVersion":	"2.0",
	"mode":	"gui",
	"dsaType":	"Fixed",
	"platformDesc":	"24_05_2022ControlDIRECTOBI100_1",
	"platHandOff":	"C:/IPSOC/XSA/24_05_2022ControlDIRECTOBI100.xsa",
	"platIntHandOff":	"<platformDir>/hw/24_05_2022ControlDIRECTOBI100.xsa",
	"deviceType":	"FPGA",
	"platIsPrebuiltAutogen":	"false",
	"platIsNoBootBsp":	"false",
	"hasFsblMakeHasChanges":	"false",
	"hasPmufwMakeHasChanges":	"false",
	"platPreBuiltFlag":	false,
	"platformSamplesDir":	"",
	"platActiveSys":	"24_05_2022ControlDIRECTOBI100_1",
	"systems":	[{
			"systemName":	"24_05_2022ControlDIRECTOBI100_1",
			"systemDesc":	"24_05_2022ControlDIRECTOBI100_1",
			"sysIsBootAutoGen":	"true",
			"systemDispName":	"24_05_2022ControlDIRECTOBI100_1",
			"sysActiveDom":	"domain_microblaze_0",
			"sysDefaultDom":	"domain_microblaze_0",
			"domains":	[{
					"domainName":	"domain_microblaze_0",
					"domainDispName":	"domain_microblaze_0",
					"domainDesc":	"domain_microblaze_0",
					"processors":	"microblaze_0",
					"os":	"standalone",
					"sdxOs":	"standalone",
					"debugEnable":	"False",
					"domRuntimes":	["cpp"],
					"swRepo":	"",
					"mssOsVer":	"7.2",
					"mssFile":	"",
					"md5Digest":	"0e1c850805d33bffc45f7c5d2d20a277",
					"compatibleApp":	"hello_world",
					"domType":	"mssDomain",
					"arch":	"32-bit",
					"appSettings":	{
						"appCompilerFlags":	"",
						"appLinkerFlags":	""
					},
					"addedLibs":	[],
					"libOptions":	{
						"libsContainingOptions":	[]
					},
					"prebuiltLibs":	{
						"prebuiltIncPath":	[],
						"prebuiltLibPath":	[]
					},
					"isolation":	{
					}
				}]
		}]
}
LOG::2022-06-02.17:34:31::SCWPlatform::Started generating the artifacts platform 24_05_2022ControlDIRECTOBI100_1
TRACE::2022-06-02.17:34:31::SCWPlatform::Sanity checking of platform is completed
LOG::2022-06-02.17:34:31::SCWPlatform::Started generating the artifacts for system configuration 24_05_2022ControlDIRECTOBI100_1
LOG::2022-06-02.17:34:31::SCWSystem::Checking the domain domain_microblaze_0
LOG::2022-06-02.17:34:31::SCWSystem::Not a boot domain 
LOG::2022-06-02.17:34:31::SCWSystem::Started Processing the domain domain_microblaze_0
TRACE::2022-06-02.17:34:31::SCWDomain::Generating domain artifcats
TRACE::2022-06-02.17:34:31::SCWMssOS::Generating standalone artifcats
TRACE::2022-06-02.17:34:31::SCWMssOS:: Copying the user libraries. 
TRACE::2022-06-02.17:34:31::SCWPlatform::Trying to open the hw design at C:/IPSOC/XSA/24_05_2022ControlDIRECTOBI100_1/hw/24_05_2022ControlDIRECTOBI100.xsa
TRACE::2022-06-02.17:34:31::SCWPlatform::DSA given C:/IPSOC/XSA/24_05_2022ControlDIRECTOBI100_1/hw/24_05_2022ControlDIRECTOBI100.xsa
TRACE::2022-06-02.17:34:31::SCWPlatform::DSA absoulate path C:/IPSOC/XSA/24_05_2022ControlDIRECTOBI100_1/hw/24_05_2022ControlDIRECTOBI100.xsa
TRACE::2022-06-02.17:34:31::SCWPlatform::DSA directory C:/IPSOC/XSA/24_05_2022ControlDIRECTOBI100_1/hw
TRACE::2022-06-02.17:34:31::SCWPlatform:: Platform Path C:/IPSOC/XSA/24_05_2022ControlDIRECTOBI100_1/hw/24_05_2022ControlDIRECTOBI100.xsa
TRACE::2022-06-02.17:34:31::SCWPlatform:: Unique name xilinx:basys3::0.0
TRACE::2022-06-02.17:34:31::SCWPlatform::Trying to set the existing hwdb with name SOCIPLAZO_wrapper_0
TRACE::2022-06-02.17:34:31::SCWPlatform::Opened existing hwdb SOCIPLAZO_wrapper_0
TRACE::2022-06-02.17:34:31::SCWPlatform::Found the Hw Db part of the input DSA
TRACE::2022-06-02.17:34:31::SCWMssOS::Checking the sw design at  C:/IPSOC/XSA/24_05_2022ControlDIRECTOBI100_1/microblaze_0/domain_microblaze_0/bsp/system.mss
TRACE::2022-06-02.17:34:31::SCWMssOS::DEBUG:  swdes dump  C:/IPSOC/XSA/24_05_2022ControlDIRECTOBI100_1/microblaze_0/domain_microblaze_0/bsp/system.mss|system||

TRACE::2022-06-02.17:34:31::SCWMssOS::Sw design exists and opened at  C:/IPSOC/XSA/24_05_2022ControlDIRECTOBI100_1/microblaze_0/domain_microblaze_0/bsp/system.mss
TRACE::2022-06-02.17:34:31::SCWMssOS::Completed writing the mss file at C:/IPSOC/XSA/24_05_2022ControlDIRECTOBI100_1/microblaze_0/domain_microblaze_0/bsp
TRACE::2022-06-02.17:34:31::SCWMssOS::Mss edits present, copying mssfile into export location C:/IPSOC/XSA/24_05_2022ControlDIRECTOBI100_1/microblaze_0/domain_microblaze_0/bsp/system.mss
TRACE::2022-06-02.17:34:31::SCWMssOS::bsp generated is upto date with the mss file. Skipping bsp generation.
TRACE::2022-06-02.17:34:31::SCWMssOS::BSP is already built. skipping the bsp build ... 
TRACE::2022-06-02.17:34:31::SCWDomain::Skipping the build for domain :  domain_microblaze_0
TRACE::2022-06-02.17:34:31::SCWMssOS::skipping the bsp build ... 
TRACE::2022-06-02.17:34:31::SCWMssOS::Copying to export directory.
TRACE::2022-06-02.17:34:31::SCWMssOS:: Checking if to create the Supporting Applications
TRACE::2022-06-02.17:34:31::SCWMssOS:: No Linux domain exists, trying to generate FSBL 
LOG::2022-06-02.17:34:31::SCWSystem::Completed Processing the domain domain_microblaze_0
LOG::2022-06-02.17:34:31::SCWSystem::Completed Processing the sysconfig 24_05_2022ControlDIRECTOBI100_1
LOG::2022-06-02.17:34:31::SCWPlatform::Completed generating the artifacts for system configuration 24_05_2022ControlDIRECTOBI100_1
TRACE::2022-06-02.17:34:31::SCWPlatform::Started preparing the platform 
TRACE::2022-06-02.17:34:31::SCWSystem::Writing the bif file for system config 24_05_2022ControlDIRECTOBI100_1
TRACE::2022-06-02.17:34:31::SCWSystem::dir created 
TRACE::2022-06-02.17:34:31::SCWSystem::Writing the bif 
TRACE::2022-06-02.17:34:31::SCWPlatform::Started writing the spfm file 
TRACE::2022-06-02.17:34:31::SCWPlatform::Started writing the xpfm file 
TRACE::2022-06-02.17:34:31::SCWPlatform::Completed generating the platform
TRACE::2022-06-02.17:34:31::SCWMssOS::Saving the mss changes C:/IPSOC/XSA/24_05_2022ControlDIRECTOBI100_1/microblaze_0/domain_microblaze_0/bsp/system.mss
TRACE::2022-06-02.17:34:31::SCWMssOS::Found a swdesign opened with the mssfile.
TRACE::2022-06-02.17:34:31::SCWMssOS::Completed writemss as part of save.
TRACE::2022-06-02.17:34:31::SCWMssOS::Commit changes completed.
TRACE::2022-06-02.17:34:31::SCWPlatform::Trying to open the hw design at C:/IPSOC/XSA/24_05_2022ControlDIRECTOBI100_1/hw/24_05_2022ControlDIRECTOBI100.xsa
TRACE::2022-06-02.17:34:31::SCWPlatform::DSA given C:/IPSOC/XSA/24_05_2022ControlDIRECTOBI100_1/hw/24_05_2022ControlDIRECTOBI100.xsa
TRACE::2022-06-02.17:34:31::SCWPlatform::DSA absoulate path C:/IPSOC/XSA/24_05_2022ControlDIRECTOBI100_1/hw/24_05_2022ControlDIRECTOBI100.xsa
TRACE::2022-06-02.17:34:31::SCWPlatform::DSA directory C:/IPSOC/XSA/24_05_2022ControlDIRECTOBI100_1/hw
TRACE::2022-06-02.17:34:31::SCWPlatform:: Platform Path C:/IPSOC/XSA/24_05_2022ControlDIRECTOBI100_1/hw/24_05_2022ControlDIRECTOBI100.xsa
TRACE::2022-06-02.17:34:31::SCWPlatform:: Unique name xilinx:basys3::0.0
TRACE::2022-06-02.17:34:31::SCWPlatform::Trying to set the existing hwdb with name SOCIPLAZO_wrapper_0
TRACE::2022-06-02.17:34:31::SCWPlatform::Opened existing hwdb SOCIPLAZO_wrapper_0
TRACE::2022-06-02.17:34:31::SCWPlatform::Found the Hw Db part of the input DSA
TRACE::2022-06-02.17:34:31::SCWMssOS::Checking the sw design at  C:/IPSOC/XSA/24_05_2022ControlDIRECTOBI100_1/microblaze_0/domain_microblaze_0/bsp/system.mss
TRACE::2022-06-02.17:34:31::SCWMssOS::DEBUG:  swdes dump  C:/IPSOC/XSA/24_05_2022ControlDIRECTOBI100_1/microblaze_0/domain_microblaze_0/bsp/system.mss|system||

TRACE::2022-06-02.17:34:31::SCWMssOS::Sw design exists and opened at  C:/IPSOC/XSA/24_05_2022ControlDIRECTOBI100_1/microblaze_0/domain_microblaze_0/bsp/system.mss
TRACE::2022-06-02.17:34:31::SCWPlatform::Trying to open the hw design at C:/IPSOC/XSA/24_05_2022ControlDIRECTOBI100_1/hw/24_05_2022ControlDIRECTOBI100.xsa
TRACE::2022-06-02.17:34:31::SCWPlatform::DSA given C:/IPSOC/XSA/24_05_2022ControlDIRECTOBI100_1/hw/24_05_2022ControlDIRECTOBI100.xsa
TRACE::2022-06-02.17:34:31::SCWPlatform::DSA absoulate path C:/IPSOC/XSA/24_05_2022ControlDIRECTOBI100_1/hw/24_05_2022ControlDIRECTOBI100.xsa
TRACE::2022-06-02.17:34:31::SCWPlatform::DSA directory C:/IPSOC/XSA/24_05_2022ControlDIRECTOBI100_1/hw
TRACE::2022-06-02.17:34:31::SCWPlatform:: Platform Path C:/IPSOC/XSA/24_05_2022ControlDIRECTOBI100_1/hw/24_05_2022ControlDIRECTOBI100.xsa
TRACE::2022-06-02.17:34:31::SCWPlatform:: Unique name xilinx:basys3::0.0
TRACE::2022-06-02.17:34:31::SCWPlatform::Trying to set the existing hwdb with name SOCIPLAZO_wrapper_0
TRACE::2022-06-02.17:34:31::SCWPlatform::Opened existing hwdb SOCIPLAZO_wrapper_0
TRACE::2022-06-02.17:34:31::SCWPlatform::Found the Hw Db part of the input DSA
TRACE::2022-06-02.17:34:31::SCWMssOS::Checking the sw design at  C:/IPSOC/XSA/24_05_2022ControlDIRECTOBI100_1/microblaze_0/domain_microblaze_0/bsp/system.mss
TRACE::2022-06-02.17:34:31::SCWMssOS::DEBUG:  swdes dump  C:/IPSOC/XSA/24_05_2022ControlDIRECTOBI100_1/microblaze_0/domain_microblaze_0/bsp/system.mss|system||

TRACE::2022-06-02.17:34:31::SCWMssOS::Sw design exists and opened at  C:/IPSOC/XSA/24_05_2022ControlDIRECTOBI100_1/microblaze_0/domain_microblaze_0/bsp/system.mss
TRACE::2022-06-02.17:34:31::SCWPlatform::Trying to open the hw design at C:/IPSOC/XSA/24_05_2022ControlDIRECTOBI100_1/hw/24_05_2022ControlDIRECTOBI100.xsa
TRACE::2022-06-02.17:34:31::SCWPlatform::DSA given C:/IPSOC/XSA/24_05_2022ControlDIRECTOBI100_1/hw/24_05_2022ControlDIRECTOBI100.xsa
TRACE::2022-06-02.17:34:31::SCWPlatform::DSA absoulate path C:/IPSOC/XSA/24_05_2022ControlDIRECTOBI100_1/hw/24_05_2022ControlDIRECTOBI100.xsa
TRACE::2022-06-02.17:34:31::SCWPlatform::DSA directory C:/IPSOC/XSA/24_05_2022ControlDIRECTOBI100_1/hw
TRACE::2022-06-02.17:34:31::SCWPlatform:: Platform Path C:/IPSOC/XSA/24_05_2022ControlDIRECTOBI100_1/hw/24_05_2022ControlDIRECTOBI100.xsa
TRACE::2022-06-02.17:34:31::SCWPlatform:: Unique name xilinx:basys3::0.0
TRACE::2022-06-02.17:34:31::SCWPlatform::Trying to set the existing hwdb with name SOCIPLAZO_wrapper_0
TRACE::2022-06-02.17:34:31::SCWPlatform::Opened existing hwdb SOCIPLAZO_wrapper_0
TRACE::2022-06-02.17:34:31::SCWPlatform::Found the Hw Db part of the input DSA
TRACE::2022-06-02.17:34:31::SCWMssOS::Checking the sw design at  C:/IPSOC/XSA/24_05_2022ControlDIRECTOBI100_1/microblaze_0/domain_microblaze_0/bsp/system.mss
TRACE::2022-06-02.17:34:31::SCWMssOS::DEBUG:  swdes dump  C:/IPSOC/XSA/24_05_2022ControlDIRECTOBI100_1/microblaze_0/domain_microblaze_0/bsp/system.mss|system||

TRACE::2022-06-02.17:34:31::SCWMssOS::Sw design exists and opened at  C:/IPSOC/XSA/24_05_2022ControlDIRECTOBI100_1/microblaze_0/domain_microblaze_0/bsp/system.mss
TRACE::2022-06-02.17:34:31::SCWWriter::formatted JSON is {
	"platformName":	"24_05_2022ControlDIRECTOBI100_1",
	"sprVersion":	"2.0",
	"mode":	"gui",
	"dsaType":	"Fixed",
	"platformDesc":	"24_05_2022ControlDIRECTOBI100_1",
	"platHandOff":	"C:/IPSOC/XSA/24_05_2022ControlDIRECTOBI100.xsa",
	"platIntHandOff":	"<platformDir>/hw/24_05_2022ControlDIRECTOBI100.xsa",
	"deviceType":	"FPGA",
	"platIsPrebuiltAutogen":	"false",
	"platIsNoBootBsp":	"false",
	"hasFsblMakeHasChanges":	"false",
	"hasPmufwMakeHasChanges":	"false",
	"platPreBuiltFlag":	false,
	"platformSamplesDir":	"",
	"platActiveSys":	"24_05_2022ControlDIRECTOBI100_1",
	"systems":	[{
			"systemName":	"24_05_2022ControlDIRECTOBI100_1",
			"systemDesc":	"24_05_2022ControlDIRECTOBI100_1",
			"sysIsBootAutoGen":	"true",
			"systemDispName":	"24_05_2022ControlDIRECTOBI100_1",
			"sysActiveDom":	"domain_microblaze_0",
			"sysDefaultDom":	"domain_microblaze_0",
			"domains":	[{
					"domainName":	"domain_microblaze_0",
					"domainDispName":	"domain_microblaze_0",
					"domainDesc":	"domain_microblaze_0",
					"processors":	"microblaze_0",
					"os":	"standalone",
					"sdxOs":	"standalone",
					"debugEnable":	"False",
					"domRuntimes":	["cpp"],
					"swRepo":	"",
					"mssOsVer":	"7.2",
					"mssFile":	"",
					"md5Digest":	"0e1c850805d33bffc45f7c5d2d20a277",
					"compatibleApp":	"hello_world",
					"domType":	"mssDomain",
					"arch":	"32-bit",
					"appSettings":	{
						"appCompilerFlags":	"",
						"appLinkerFlags":	""
					},
					"addedLibs":	[],
					"libOptions":	{
						"libsContainingOptions":	[]
					},
					"prebuiltLibs":	{
						"prebuiltIncPath":	[],
						"prebuiltLibPath":	[]
					},
					"isolation":	{
					}
				}]
		}]
}
KEYINFO::2022-06-02.17:34:31::SCWPlatform::updated the xpfm file.
TRACE::2022-06-02.17:34:32::SCWPlatform::Trying to open the hw design at C:/IPSOC/XSA/24_05_2022ControlDIRECTOBI100_1/hw/24_05_2022ControlDIRECTOBI100.xsa
TRACE::2022-06-02.17:34:32::SCWPlatform::DSA given C:/IPSOC/XSA/24_05_2022ControlDIRECTOBI100_1/hw/24_05_2022ControlDIRECTOBI100.xsa
TRACE::2022-06-02.17:34:32::SCWPlatform::DSA absoulate path C:/IPSOC/XSA/24_05_2022ControlDIRECTOBI100_1/hw/24_05_2022ControlDIRECTOBI100.xsa
TRACE::2022-06-02.17:34:32::SCWPlatform::DSA directory C:/IPSOC/XSA/24_05_2022ControlDIRECTOBI100_1/hw
TRACE::2022-06-02.17:34:32::SCWPlatform:: Platform Path C:/IPSOC/XSA/24_05_2022ControlDIRECTOBI100_1/hw/24_05_2022ControlDIRECTOBI100.xsa
TRACE::2022-06-02.17:34:32::SCWPlatform:: Unique name xilinx:basys3::0.0
TRACE::2022-06-02.17:34:32::SCWPlatform::Trying to set the existing hwdb with name SOCIPLAZO_wrapper_0
TRACE::2022-06-02.17:34:32::SCWPlatform::Opened existing hwdb SOCIPLAZO_wrapper_0
TRACE::2022-06-02.17:34:32::SCWPlatform::Found the Hw Db part of the input DSA
TRACE::2022-06-02.17:34:32::SCWMssOS::Checking the sw design at  C:/IPSOC/XSA/24_05_2022ControlDIRECTOBI100_1/microblaze_0/domain_microblaze_0/bsp/system.mss
TRACE::2022-06-02.17:34:32::SCWMssOS::DEBUG:  swdes dump  C:/IPSOC/XSA/24_05_2022ControlDIRECTOBI100_1/microblaze_0/domain_microblaze_0/bsp/system.mss|system||

TRACE::2022-06-02.17:34:32::SCWMssOS::Sw design exists and opened at  C:/IPSOC/XSA/24_05_2022ControlDIRECTOBI100_1/microblaze_0/domain_microblaze_0/bsp/system.mss
TRACE::2022-06-02.17:34:32::SCWMssOS::Saving the mss changes C:/IPSOC/XSA/24_05_2022ControlDIRECTOBI100_1/microblaze_0/domain_microblaze_0/bsp/system.mss
TRACE::2022-06-02.17:34:32::SCWMssOS::Found a swdesign opened with the mssfile.
TRACE::2022-06-02.17:34:32::SCWMssOS::Completed writemss as part of save.
TRACE::2022-06-02.17:34:32::SCWMssOS::Commit changes completed.
TRACE::2022-06-02.17:34:32::SCWPlatform::Trying to open the hw design at C:/IPSOC/XSA/24_05_2022ControlDIRECTOBI100_1/hw/24_05_2022ControlDIRECTOBI100.xsa
TRACE::2022-06-02.17:34:32::SCWPlatform::DSA given C:/IPSOC/XSA/24_05_2022ControlDIRECTOBI100_1/hw/24_05_2022ControlDIRECTOBI100.xsa
TRACE::2022-06-02.17:34:32::SCWPlatform::DSA absoulate path C:/IPSOC/XSA/24_05_2022ControlDIRECTOBI100_1/hw/24_05_2022ControlDIRECTOBI100.xsa
TRACE::2022-06-02.17:34:32::SCWPlatform::DSA directory C:/IPSOC/XSA/24_05_2022ControlDIRECTOBI100_1/hw
TRACE::2022-06-02.17:34:32::SCWPlatform:: Platform Path C:/IPSOC/XSA/24_05_2022ControlDIRECTOBI100_1/hw/24_05_2022ControlDIRECTOBI100.xsa
TRACE::2022-06-02.17:34:32::SCWPlatform:: Unique name xilinx:basys3::0.0
TRACE::2022-06-02.17:34:32::SCWPlatform::Trying to set the existing hwdb with name SOCIPLAZO_wrapper_0
TRACE::2022-06-02.17:34:32::SCWPlatform::Opened existing hwdb SOCIPLAZO_wrapper_0
TRACE::2022-06-02.17:34:32::SCWPlatform::Found the Hw Db part of the input DSA
TRACE::2022-06-02.17:34:32::SCWMssOS::Checking the sw design at  C:/IPSOC/XSA/24_05_2022ControlDIRECTOBI100_1/microblaze_0/domain_microblaze_0/bsp/system.mss
TRACE::2022-06-02.17:34:32::SCWMssOS::DEBUG:  swdes dump  C:/IPSOC/XSA/24_05_2022ControlDIRECTOBI100_1/microblaze_0/domain_microblaze_0/bsp/system.mss|system||

TRACE::2022-06-02.17:34:32::SCWMssOS::Sw design exists and opened at  C:/IPSOC/XSA/24_05_2022ControlDIRECTOBI100_1/microblaze_0/domain_microblaze_0/bsp/system.mss
TRACE::2022-06-02.17:34:32::SCWPlatform::Trying to open the hw design at C:/IPSOC/XSA/24_05_2022ControlDIRECTOBI100_1/hw/24_05_2022ControlDIRECTOBI100.xsa
TRACE::2022-06-02.17:34:32::SCWPlatform::DSA given C:/IPSOC/XSA/24_05_2022ControlDIRECTOBI100_1/hw/24_05_2022ControlDIRECTOBI100.xsa
TRACE::2022-06-02.17:34:32::SCWPlatform::DSA absoulate path C:/IPSOC/XSA/24_05_2022ControlDIRECTOBI100_1/hw/24_05_2022ControlDIRECTOBI100.xsa
TRACE::2022-06-02.17:34:32::SCWPlatform::DSA directory C:/IPSOC/XSA/24_05_2022ControlDIRECTOBI100_1/hw
TRACE::2022-06-02.17:34:32::SCWPlatform:: Platform Path C:/IPSOC/XSA/24_05_2022ControlDIRECTOBI100_1/hw/24_05_2022ControlDIRECTOBI100.xsa
TRACE::2022-06-02.17:34:32::SCWPlatform:: Unique name xilinx:basys3::0.0
TRACE::2022-06-02.17:34:32::SCWPlatform::Trying to set the existing hwdb with name SOCIPLAZO_wrapper_0
TRACE::2022-06-02.17:34:32::SCWPlatform::Opened existing hwdb SOCIPLAZO_wrapper_0
TRACE::2022-06-02.17:34:32::SCWPlatform::Found the Hw Db part of the input DSA
TRACE::2022-06-02.17:34:32::SCWMssOS::Checking the sw design at  C:/IPSOC/XSA/24_05_2022ControlDIRECTOBI100_1/microblaze_0/domain_microblaze_0/bsp/system.mss
TRACE::2022-06-02.17:34:32::SCWMssOS::DEBUG:  swdes dump  C:/IPSOC/XSA/24_05_2022ControlDIRECTOBI100_1/microblaze_0/domain_microblaze_0/bsp/system.mss|system||

TRACE::2022-06-02.17:34:32::SCWMssOS::Sw design exists and opened at  C:/IPSOC/XSA/24_05_2022ControlDIRECTOBI100_1/microblaze_0/domain_microblaze_0/bsp/system.mss
TRACE::2022-06-02.17:34:32::SCWPlatform::Trying to open the hw design at C:/IPSOC/XSA/24_05_2022ControlDIRECTOBI100_1/hw/24_05_2022ControlDIRECTOBI100.xsa
TRACE::2022-06-02.17:34:32::SCWPlatform::DSA given C:/IPSOC/XSA/24_05_2022ControlDIRECTOBI100_1/hw/24_05_2022ControlDIRECTOBI100.xsa
TRACE::2022-06-02.17:34:32::SCWPlatform::DSA absoulate path C:/IPSOC/XSA/24_05_2022ControlDIRECTOBI100_1/hw/24_05_2022ControlDIRECTOBI100.xsa
TRACE::2022-06-02.17:34:32::SCWPlatform::DSA directory C:/IPSOC/XSA/24_05_2022ControlDIRECTOBI100_1/hw
TRACE::2022-06-02.17:34:32::SCWPlatform:: Platform Path C:/IPSOC/XSA/24_05_2022ControlDIRECTOBI100_1/hw/24_05_2022ControlDIRECTOBI100.xsa
TRACE::2022-06-02.17:34:32::SCWPlatform:: Unique name xilinx:basys3::0.0
TRACE::2022-06-02.17:34:32::SCWPlatform::Trying to set the existing hwdb with name SOCIPLAZO_wrapper_0
TRACE::2022-06-02.17:34:32::SCWPlatform::Opened existing hwdb SOCIPLAZO_wrapper_0
TRACE::2022-06-02.17:34:32::SCWPlatform::Found the Hw Db part of the input DSA
TRACE::2022-06-02.17:34:32::SCWMssOS::Checking the sw design at  C:/IPSOC/XSA/24_05_2022ControlDIRECTOBI100_1/microblaze_0/domain_microblaze_0/bsp/system.mss
TRACE::2022-06-02.17:34:32::SCWMssOS::DEBUG:  swdes dump  C:/IPSOC/XSA/24_05_2022ControlDIRECTOBI100_1/microblaze_0/domain_microblaze_0/bsp/system.mss|system||

TRACE::2022-06-02.17:34:32::SCWMssOS::Sw design exists and opened at  C:/IPSOC/XSA/24_05_2022ControlDIRECTOBI100_1/microblaze_0/domain_microblaze_0/bsp/system.mss
TRACE::2022-06-02.17:34:32::SCWWriter::formatted JSON is {
	"platformName":	"24_05_2022ControlDIRECTOBI100_1",
	"sprVersion":	"2.0",
	"mode":	"gui",
	"dsaType":	"Fixed",
	"platformDesc":	"24_05_2022ControlDIRECTOBI100_1",
	"platHandOff":	"C:/IPSOC/XSA/24_05_2022ControlDIRECTOBI100.xsa",
	"platIntHandOff":	"<platformDir>/hw/24_05_2022ControlDIRECTOBI100.xsa",
	"deviceType":	"FPGA",
	"platIsPrebuiltAutogen":	"false",
	"platIsNoBootBsp":	"false",
	"hasFsblMakeHasChanges":	"false",
	"hasPmufwMakeHasChanges":	"false",
	"platPreBuiltFlag":	false,
	"platformSamplesDir":	"",
	"platActiveSys":	"24_05_2022ControlDIRECTOBI100_1",
	"systems":	[{
			"systemName":	"24_05_2022ControlDIRECTOBI100_1",
			"systemDesc":	"24_05_2022ControlDIRECTOBI100_1",
			"sysIsBootAutoGen":	"true",
			"systemDispName":	"24_05_2022ControlDIRECTOBI100_1",
			"sysActiveDom":	"domain_microblaze_0",
			"sysDefaultDom":	"domain_microblaze_0",
			"domains":	[{
					"domainName":	"domain_microblaze_0",
					"domainDispName":	"domain_microblaze_0",
					"domainDesc":	"domain_microblaze_0",
					"processors":	"microblaze_0",
					"os":	"standalone",
					"sdxOs":	"standalone",
					"debugEnable":	"False",
					"domRuntimes":	["cpp"],
					"swRepo":	"",
					"mssOsVer":	"7.2",
					"mssFile":	"",
					"md5Digest":	"0e1c850805d33bffc45f7c5d2d20a277",
					"compatibleApp":	"hello_world",
					"domType":	"mssDomain",
					"arch":	"32-bit",
					"appSettings":	{
						"appCompilerFlags":	"",
						"appLinkerFlags":	""
					},
					"addedLibs":	[],
					"libOptions":	{
						"libsContainingOptions":	[]
					},
					"prebuiltLibs":	{
						"prebuiltIncPath":	[],
						"prebuiltLibPath":	[]
					},
					"isolation":	{
					}
				}]
		}]
}
TRACE::2022-06-02.17:34:32::SCWPlatform::Trying to open the hw design at C:/IPSOC/XSA/24_05_2022ControlDIRECTOBI100_1/hw/24_05_2022ControlDIRECTOBI100.xsa
TRACE::2022-06-02.17:34:32::SCWPlatform::DSA given C:/IPSOC/XSA/24_05_2022ControlDIRECTOBI100_1/hw/24_05_2022ControlDIRECTOBI100.xsa
TRACE::2022-06-02.17:34:32::SCWPlatform::DSA absoulate path C:/IPSOC/XSA/24_05_2022ControlDIRECTOBI100_1/hw/24_05_2022ControlDIRECTOBI100.xsa
TRACE::2022-06-02.17:34:32::SCWPlatform::DSA directory C:/IPSOC/XSA/24_05_2022ControlDIRECTOBI100_1/hw
TRACE::2022-06-02.17:34:32::SCWPlatform:: Platform Path C:/IPSOC/XSA/24_05_2022ControlDIRECTOBI100_1/hw/24_05_2022ControlDIRECTOBI100.xsa
TRACE::2022-06-02.17:34:32::SCWPlatform:: Unique name xilinx:basys3::0.0
TRACE::2022-06-02.17:34:32::SCWPlatform::Trying to set the existing hwdb with name SOCIPLAZO_wrapper_0
TRACE::2022-06-02.17:34:32::SCWPlatform::Opened existing hwdb SOCIPLAZO_wrapper_0
TRACE::2022-06-02.17:34:32::SCWPlatform::Found the Hw Db part of the input DSA
TRACE::2022-06-02.17:34:32::SCWMssOS::Checking the sw design at  C:/IPSOC/XSA/24_05_2022ControlDIRECTOBI100_1/microblaze_0/domain_microblaze_0/bsp/system.mss
TRACE::2022-06-02.17:34:32::SCWMssOS::DEBUG:  swdes dump  C:/IPSOC/XSA/24_05_2022ControlDIRECTOBI100_1/microblaze_0/domain_microblaze_0/bsp/system.mss|system||

TRACE::2022-06-02.17:34:32::SCWMssOS::Sw design exists and opened at  C:/IPSOC/XSA/24_05_2022ControlDIRECTOBI100_1/microblaze_0/domain_microblaze_0/bsp/system.mss
TRACE::2022-06-02.17:34:32::SCWPlatform::Trying to open the hw design at C:/IPSOC/XSA/24_05_2022ControlDIRECTOBI100_1/hw/24_05_2022ControlDIRECTOBI100.xsa
TRACE::2022-06-02.17:34:32::SCWPlatform::DSA given C:/IPSOC/XSA/24_05_2022ControlDIRECTOBI100_1/hw/24_05_2022ControlDIRECTOBI100.xsa
TRACE::2022-06-02.17:34:32::SCWPlatform::DSA absoulate path C:/IPSOC/XSA/24_05_2022ControlDIRECTOBI100_1/hw/24_05_2022ControlDIRECTOBI100.xsa
TRACE::2022-06-02.17:34:32::SCWPlatform::DSA directory C:/IPSOC/XSA/24_05_2022ControlDIRECTOBI100_1/hw
TRACE::2022-06-02.17:34:32::SCWPlatform:: Platform Path C:/IPSOC/XSA/24_05_2022ControlDIRECTOBI100_1/hw/24_05_2022ControlDIRECTOBI100.xsa
TRACE::2022-06-02.17:34:32::SCWPlatform:: Unique name xilinx:basys3::0.0
TRACE::2022-06-02.17:34:32::SCWPlatform::Trying to set the existing hwdb with name SOCIPLAZO_wrapper_0
TRACE::2022-06-02.17:34:32::SCWPlatform::Opened existing hwdb SOCIPLAZO_wrapper_0
TRACE::2022-06-02.17:34:32::SCWPlatform::Found the Hw Db part of the input DSA
TRACE::2022-06-02.17:34:32::SCWMssOS::Checking the sw design at  C:/IPSOC/XSA/24_05_2022ControlDIRECTOBI100_1/microblaze_0/domain_microblaze_0/bsp/system.mss
TRACE::2022-06-02.17:34:32::SCWMssOS::DEBUG:  swdes dump  C:/IPSOC/XSA/24_05_2022ControlDIRECTOBI100_1/microblaze_0/domain_microblaze_0/bsp/system.mss|system||

TRACE::2022-06-02.17:34:32::SCWMssOS::Sw design exists and opened at  C:/IPSOC/XSA/24_05_2022ControlDIRECTOBI100_1/microblaze_0/domain_microblaze_0/bsp/system.mss
TRACE::2022-06-02.17:34:32::SCWMssOS::Saving the mss changes C:/IPSOC/XSA/24_05_2022ControlDIRECTOBI100_1/microblaze_0/domain_microblaze_0/bsp/system.mss
TRACE::2022-06-02.17:34:32::SCWMssOS::Found a swdesign opened with the mssfile.
TRACE::2022-06-02.17:34:32::SCWMssOS::Completed writemss as part of save.
TRACE::2022-06-02.17:34:32::SCWMssOS::Commit changes completed.
TRACE::2022-06-02.17:34:32::SCWPlatform::Trying to open the hw design at C:/IPSOC/XSA/24_05_2022ControlDIRECTOBI100_1/hw/24_05_2022ControlDIRECTOBI100.xsa
TRACE::2022-06-02.17:34:32::SCWPlatform::DSA given C:/IPSOC/XSA/24_05_2022ControlDIRECTOBI100_1/hw/24_05_2022ControlDIRECTOBI100.xsa
TRACE::2022-06-02.17:34:32::SCWPlatform::DSA absoulate path C:/IPSOC/XSA/24_05_2022ControlDIRECTOBI100_1/hw/24_05_2022ControlDIRECTOBI100.xsa
TRACE::2022-06-02.17:34:32::SCWPlatform::DSA directory C:/IPSOC/XSA/24_05_2022ControlDIRECTOBI100_1/hw
TRACE::2022-06-02.17:34:32::SCWPlatform:: Platform Path C:/IPSOC/XSA/24_05_2022ControlDIRECTOBI100_1/hw/24_05_2022ControlDIRECTOBI100.xsa
TRACE::2022-06-02.17:34:32::SCWPlatform:: Unique name xilinx:basys3::0.0
TRACE::2022-06-02.17:34:32::SCWPlatform::Trying to set the existing hwdb with name SOCIPLAZO_wrapper_0
TRACE::2022-06-02.17:34:32::SCWPlatform::Opened existing hwdb SOCIPLAZO_wrapper_0
TRACE::2022-06-02.17:34:32::SCWPlatform::Found the Hw Db part of the input DSA
TRACE::2022-06-02.17:34:32::SCWMssOS::Checking the sw design at  C:/IPSOC/XSA/24_05_2022ControlDIRECTOBI100_1/microblaze_0/domain_microblaze_0/bsp/system.mss
TRACE::2022-06-02.17:34:32::SCWMssOS::DEBUG:  swdes dump  C:/IPSOC/XSA/24_05_2022ControlDIRECTOBI100_1/microblaze_0/domain_microblaze_0/bsp/system.mss|system||

TRACE::2022-06-02.17:34:32::SCWMssOS::Sw design exists and opened at  C:/IPSOC/XSA/24_05_2022ControlDIRECTOBI100_1/microblaze_0/domain_microblaze_0/bsp/system.mss
TRACE::2022-06-02.17:34:32::SCWPlatform::Trying to open the hw design at C:/IPSOC/XSA/24_05_2022ControlDIRECTOBI100_1/hw/24_05_2022ControlDIRECTOBI100.xsa
TRACE::2022-06-02.17:34:32::SCWPlatform::DSA given C:/IPSOC/XSA/24_05_2022ControlDIRECTOBI100_1/hw/24_05_2022ControlDIRECTOBI100.xsa
TRACE::2022-06-02.17:34:32::SCWPlatform::DSA absoulate path C:/IPSOC/XSA/24_05_2022ControlDIRECTOBI100_1/hw/24_05_2022ControlDIRECTOBI100.xsa
TRACE::2022-06-02.17:34:32::SCWPlatform::DSA directory C:/IPSOC/XSA/24_05_2022ControlDIRECTOBI100_1/hw
TRACE::2022-06-02.17:34:32::SCWPlatform:: Platform Path C:/IPSOC/XSA/24_05_2022ControlDIRECTOBI100_1/hw/24_05_2022ControlDIRECTOBI100.xsa
TRACE::2022-06-02.17:34:32::SCWPlatform:: Unique name xilinx:basys3::0.0
TRACE::2022-06-02.17:34:32::SCWPlatform::Trying to set the existing hwdb with name SOCIPLAZO_wrapper_0
TRACE::2022-06-02.17:34:32::SCWPlatform::Opened existing hwdb SOCIPLAZO_wrapper_0
TRACE::2022-06-02.17:34:32::SCWPlatform::Found the Hw Db part of the input DSA
TRACE::2022-06-02.17:34:32::SCWMssOS::Checking the sw design at  C:/IPSOC/XSA/24_05_2022ControlDIRECTOBI100_1/microblaze_0/domain_microblaze_0/bsp/system.mss
TRACE::2022-06-02.17:34:32::SCWMssOS::DEBUG:  swdes dump  C:/IPSOC/XSA/24_05_2022ControlDIRECTOBI100_1/microblaze_0/domain_microblaze_0/bsp/system.mss|system||

TRACE::2022-06-02.17:34:32::SCWMssOS::Sw design exists and opened at  C:/IPSOC/XSA/24_05_2022ControlDIRECTOBI100_1/microblaze_0/domain_microblaze_0/bsp/system.mss
TRACE::2022-06-02.17:34:32::SCWPlatform::Trying to open the hw design at C:/IPSOC/XSA/24_05_2022ControlDIRECTOBI100_1/hw/24_05_2022ControlDIRECTOBI100.xsa
TRACE::2022-06-02.17:34:32::SCWPlatform::DSA given C:/IPSOC/XSA/24_05_2022ControlDIRECTOBI100_1/hw/24_05_2022ControlDIRECTOBI100.xsa
TRACE::2022-06-02.17:34:32::SCWPlatform::DSA absoulate path C:/IPSOC/XSA/24_05_2022ControlDIRECTOBI100_1/hw/24_05_2022ControlDIRECTOBI100.xsa
TRACE::2022-06-02.17:34:32::SCWPlatform::DSA directory C:/IPSOC/XSA/24_05_2022ControlDIRECTOBI100_1/hw
TRACE::2022-06-02.17:34:32::SCWPlatform:: Platform Path C:/IPSOC/XSA/24_05_2022ControlDIRECTOBI100_1/hw/24_05_2022ControlDIRECTOBI100.xsa
TRACE::2022-06-02.17:34:32::SCWPlatform:: Unique name xilinx:basys3::0.0
TRACE::2022-06-02.17:34:32::SCWPlatform::Trying to set the existing hwdb with name SOCIPLAZO_wrapper_0
TRACE::2022-06-02.17:34:32::SCWPlatform::Opened existing hwdb SOCIPLAZO_wrapper_0
TRACE::2022-06-02.17:34:32::SCWPlatform::Found the Hw Db part of the input DSA
TRACE::2022-06-02.17:34:32::SCWMssOS::Checking the sw design at  C:/IPSOC/XSA/24_05_2022ControlDIRECTOBI100_1/microblaze_0/domain_microblaze_0/bsp/system.mss
TRACE::2022-06-02.17:34:32::SCWMssOS::DEBUG:  swdes dump  C:/IPSOC/XSA/24_05_2022ControlDIRECTOBI100_1/microblaze_0/domain_microblaze_0/bsp/system.mss|system||

TRACE::2022-06-02.17:34:32::SCWMssOS::Sw design exists and opened at  C:/IPSOC/XSA/24_05_2022ControlDIRECTOBI100_1/microblaze_0/domain_microblaze_0/bsp/system.mss
TRACE::2022-06-02.17:34:32::SCWWriter::formatted JSON is {
	"platformName":	"24_05_2022ControlDIRECTOBI100_1",
	"sprVersion":	"2.0",
	"mode":	"gui",
	"dsaType":	"Fixed",
	"platformDesc":	"24_05_2022ControlDIRECTOBI100_1",
	"platHandOff":	"C:/IPSOC/XSA/24_05_2022ControlDIRECTOBI100.xsa",
	"platIntHandOff":	"<platformDir>/hw/24_05_2022ControlDIRECTOBI100.xsa",
	"deviceType":	"FPGA",
	"platIsPrebuiltAutogen":	"false",
	"platIsNoBootBsp":	"false",
	"hasFsblMakeHasChanges":	"false",
	"hasPmufwMakeHasChanges":	"false",
	"platPreBuiltFlag":	false,
	"platformSamplesDir":	"",
	"platActiveSys":	"24_05_2022ControlDIRECTOBI100_1",
	"systems":	[{
			"systemName":	"24_05_2022ControlDIRECTOBI100_1",
			"systemDesc":	"24_05_2022ControlDIRECTOBI100_1",
			"sysIsBootAutoGen":	"true",
			"systemDispName":	"24_05_2022ControlDIRECTOBI100_1",
			"sysActiveDom":	"domain_microblaze_0",
			"sysDefaultDom":	"domain_microblaze_0",
			"domains":	[{
					"domainName":	"domain_microblaze_0",
					"domainDispName":	"domain_microblaze_0",
					"domainDesc":	"domain_microblaze_0",
					"processors":	"microblaze_0",
					"os":	"standalone",
					"sdxOs":	"standalone",
					"debugEnable":	"False",
					"domRuntimes":	["cpp"],
					"swRepo":	"",
					"mssOsVer":	"7.2",
					"mssFile":	"",
					"md5Digest":	"0e1c850805d33bffc45f7c5d2d20a277",
					"compatibleApp":	"hello_world",
					"domType":	"mssDomain",
					"arch":	"32-bit",
					"appSettings":	{
						"appCompilerFlags":	"",
						"appLinkerFlags":	""
					},
					"addedLibs":	[],
					"libOptions":	{
						"libsContainingOptions":	[]
					},
					"prebuiltLibs":	{
						"prebuiltIncPath":	[],
						"prebuiltLibPath":	[]
					},
					"isolation":	{
					}
				}]
		}]
}
LOG::2022-06-02.17:34:32::SCWPlatform::Started generating the artifacts platform 24_05_2022ControlDIRECTOBI100_1
TRACE::2022-06-02.17:34:32::SCWPlatform::Sanity checking of platform is completed
LOG::2022-06-02.17:34:32::SCWPlatform::Started generating the artifacts for system configuration 24_05_2022ControlDIRECTOBI100_1
LOG::2022-06-02.17:34:32::SCWSystem::Started Processing the domain domain_microblaze_0
TRACE::2022-06-02.17:34:32::SCWDomain::Generating domain artifcats
TRACE::2022-06-02.17:34:32::SCWMssOS::Generating standalone artifcats
TRACE::2022-06-02.17:34:32::SCWMssOS:: Copying the user libraries. 
TRACE::2022-06-02.17:34:32::SCWPlatform::Trying to open the hw design at C:/IPSOC/XSA/24_05_2022ControlDIRECTOBI100_1/hw/24_05_2022ControlDIRECTOBI100.xsa
TRACE::2022-06-02.17:34:32::SCWPlatform::DSA given C:/IPSOC/XSA/24_05_2022ControlDIRECTOBI100_1/hw/24_05_2022ControlDIRECTOBI100.xsa
TRACE::2022-06-02.17:34:32::SCWPlatform::DSA absoulate path C:/IPSOC/XSA/24_05_2022ControlDIRECTOBI100_1/hw/24_05_2022ControlDIRECTOBI100.xsa
TRACE::2022-06-02.17:34:32::SCWPlatform::DSA directory C:/IPSOC/XSA/24_05_2022ControlDIRECTOBI100_1/hw
TRACE::2022-06-02.17:34:32::SCWPlatform:: Platform Path C:/IPSOC/XSA/24_05_2022ControlDIRECTOBI100_1/hw/24_05_2022ControlDIRECTOBI100.xsa
TRACE::2022-06-02.17:34:32::SCWPlatform:: Unique name xilinx:basys3::0.0
TRACE::2022-06-02.17:34:32::SCWPlatform::Trying to set the existing hwdb with name SOCIPLAZO_wrapper_0
TRACE::2022-06-02.17:34:32::SCWPlatform::Opened existing hwdb SOCIPLAZO_wrapper_0
TRACE::2022-06-02.17:34:32::SCWPlatform::Found the Hw Db part of the input DSA
TRACE::2022-06-02.17:34:32::SCWMssOS::Checking the sw design at  C:/IPSOC/XSA/24_05_2022ControlDIRECTOBI100_1/microblaze_0/domain_microblaze_0/bsp/system.mss
TRACE::2022-06-02.17:34:32::SCWMssOS::DEBUG:  swdes dump  C:/IPSOC/XSA/24_05_2022ControlDIRECTOBI100_1/microblaze_0/domain_microblaze_0/bsp/system.mss|system||

TRACE::2022-06-02.17:34:32::SCWMssOS::Sw design exists and opened at  C:/IPSOC/XSA/24_05_2022ControlDIRECTOBI100_1/microblaze_0/domain_microblaze_0/bsp/system.mss
TRACE::2022-06-02.17:34:32::SCWMssOS::Completed writing the mss file at C:/IPSOC/XSA/24_05_2022ControlDIRECTOBI100_1/microblaze_0/domain_microblaze_0/bsp
TRACE::2022-06-02.17:34:32::SCWMssOS::Mss edits present, copying mssfile into export location C:/IPSOC/XSA/24_05_2022ControlDIRECTOBI100_1/microblaze_0/domain_microblaze_0/bsp/system.mss
TRACE::2022-06-02.17:34:32::SCWMssOS::bsp generated is upto date with the mss file. Skipping bsp generation.
TRACE::2022-06-02.17:34:32::SCWMssOS::BSP is already built. skipping the bsp build ... 
TRACE::2022-06-02.17:34:32::SCWDomain::Building the domain as part of full build :  domain_microblaze_0
TRACE::2022-06-02.17:34:32::SCWMssOS::skipping the bsp build ... 
TRACE::2022-06-02.17:34:32::SCWMssOS::Copying to export directory.
TRACE::2022-06-02.17:34:32::SCWMssOS:: Checking if to create the Supporting Applications
TRACE::2022-06-02.17:34:32::SCWMssOS:: No Linux domain exists, trying to generate FSBL 
LOG::2022-06-02.17:34:32::SCWSystem::Completed Processing the domain domain_microblaze_0
LOG::2022-06-02.17:34:32::SCWSystem::Completed Processing the sysconfig 24_05_2022ControlDIRECTOBI100_1
LOG::2022-06-02.17:34:32::SCWPlatform::Completed generating the artifacts for system configuration 24_05_2022ControlDIRECTOBI100_1
TRACE::2022-06-02.17:34:32::SCWPlatform::Started preparing the platform 
TRACE::2022-06-02.17:34:32::SCWSystem::Writing the bif file for system config 24_05_2022ControlDIRECTOBI100_1
TRACE::2022-06-02.17:34:32::SCWSystem::dir created 
TRACE::2022-06-02.17:34:32::SCWSystem::Writing the bif 
TRACE::2022-06-02.17:34:32::SCWPlatform::Started writing the spfm file 
TRACE::2022-06-02.17:34:32::SCWPlatform::Started writing the xpfm file 
TRACE::2022-06-02.17:34:32::SCWPlatform::Completed generating the platform
TRACE::2022-06-02.17:34:32::SCWMssOS::Saving the mss changes C:/IPSOC/XSA/24_05_2022ControlDIRECTOBI100_1/microblaze_0/domain_microblaze_0/bsp/system.mss
TRACE::2022-06-02.17:34:32::SCWMssOS::Found a swdesign opened with the mssfile.
TRACE::2022-06-02.17:34:32::SCWMssOS::Completed writemss as part of save.
TRACE::2022-06-02.17:34:32::SCWMssOS::Commit changes completed.
TRACE::2022-06-02.17:34:32::SCWPlatform::Trying to open the hw design at C:/IPSOC/XSA/24_05_2022ControlDIRECTOBI100_1/hw/24_05_2022ControlDIRECTOBI100.xsa
TRACE::2022-06-02.17:34:32::SCWPlatform::DSA given C:/IPSOC/XSA/24_05_2022ControlDIRECTOBI100_1/hw/24_05_2022ControlDIRECTOBI100.xsa
TRACE::2022-06-02.17:34:32::SCWPlatform::DSA absoulate path C:/IPSOC/XSA/24_05_2022ControlDIRECTOBI100_1/hw/24_05_2022ControlDIRECTOBI100.xsa
TRACE::2022-06-02.17:34:32::SCWPlatform::DSA directory C:/IPSOC/XSA/24_05_2022ControlDIRECTOBI100_1/hw
TRACE::2022-06-02.17:34:32::SCWPlatform:: Platform Path C:/IPSOC/XSA/24_05_2022ControlDIRECTOBI100_1/hw/24_05_2022ControlDIRECTOBI100.xsa
TRACE::2022-06-02.17:34:32::SCWPlatform:: Unique name xilinx:basys3::0.0
TRACE::2022-06-02.17:34:32::SCWPlatform::Trying to set the existing hwdb with name SOCIPLAZO_wrapper_0
TRACE::2022-06-02.17:34:32::SCWPlatform::Opened existing hwdb SOCIPLAZO_wrapper_0
TRACE::2022-06-02.17:34:32::SCWPlatform::Found the Hw Db part of the input DSA
TRACE::2022-06-02.17:34:32::SCWMssOS::Checking the sw design at  C:/IPSOC/XSA/24_05_2022ControlDIRECTOBI100_1/microblaze_0/domain_microblaze_0/bsp/system.mss
TRACE::2022-06-02.17:34:32::SCWMssOS::DEBUG:  swdes dump  C:/IPSOC/XSA/24_05_2022ControlDIRECTOBI100_1/microblaze_0/domain_microblaze_0/bsp/system.mss|system||

TRACE::2022-06-02.17:34:32::SCWMssOS::Sw design exists and opened at  C:/IPSOC/XSA/24_05_2022ControlDIRECTOBI100_1/microblaze_0/domain_microblaze_0/bsp/system.mss
TRACE::2022-06-02.17:34:32::SCWPlatform::Trying to open the hw design at C:/IPSOC/XSA/24_05_2022ControlDIRECTOBI100_1/hw/24_05_2022ControlDIRECTOBI100.xsa
TRACE::2022-06-02.17:34:32::SCWPlatform::DSA given C:/IPSOC/XSA/24_05_2022ControlDIRECTOBI100_1/hw/24_05_2022ControlDIRECTOBI100.xsa
TRACE::2022-06-02.17:34:32::SCWPlatform::DSA absoulate path C:/IPSOC/XSA/24_05_2022ControlDIRECTOBI100_1/hw/24_05_2022ControlDIRECTOBI100.xsa
TRACE::2022-06-02.17:34:32::SCWPlatform::DSA directory C:/IPSOC/XSA/24_05_2022ControlDIRECTOBI100_1/hw
TRACE::2022-06-02.17:34:32::SCWPlatform:: Platform Path C:/IPSOC/XSA/24_05_2022ControlDIRECTOBI100_1/hw/24_05_2022ControlDIRECTOBI100.xsa
TRACE::2022-06-02.17:34:32::SCWPlatform:: Unique name xilinx:basys3::0.0
TRACE::2022-06-02.17:34:32::SCWPlatform::Trying to set the existing hwdb with name SOCIPLAZO_wrapper_0
TRACE::2022-06-02.17:34:32::SCWPlatform::Opened existing hwdb SOCIPLAZO_wrapper_0
TRACE::2022-06-02.17:34:32::SCWPlatform::Found the Hw Db part of the input DSA
TRACE::2022-06-02.17:34:32::SCWMssOS::Checking the sw design at  C:/IPSOC/XSA/24_05_2022ControlDIRECTOBI100_1/microblaze_0/domain_microblaze_0/bsp/system.mss
TRACE::2022-06-02.17:34:32::SCWMssOS::DEBUG:  swdes dump  C:/IPSOC/XSA/24_05_2022ControlDIRECTOBI100_1/microblaze_0/domain_microblaze_0/bsp/system.mss|system||

TRACE::2022-06-02.17:34:32::SCWMssOS::Sw design exists and opened at  C:/IPSOC/XSA/24_05_2022ControlDIRECTOBI100_1/microblaze_0/domain_microblaze_0/bsp/system.mss
TRACE::2022-06-02.17:34:32::SCWPlatform::Trying to open the hw design at C:/IPSOC/XSA/24_05_2022ControlDIRECTOBI100_1/hw/24_05_2022ControlDIRECTOBI100.xsa
TRACE::2022-06-02.17:34:32::SCWPlatform::DSA given C:/IPSOC/XSA/24_05_2022ControlDIRECTOBI100_1/hw/24_05_2022ControlDIRECTOBI100.xsa
TRACE::2022-06-02.17:34:32::SCWPlatform::DSA absoulate path C:/IPSOC/XSA/24_05_2022ControlDIRECTOBI100_1/hw/24_05_2022ControlDIRECTOBI100.xsa
TRACE::2022-06-02.17:34:32::SCWPlatform::DSA directory C:/IPSOC/XSA/24_05_2022ControlDIRECTOBI100_1/hw
TRACE::2022-06-02.17:34:32::SCWPlatform:: Platform Path C:/IPSOC/XSA/24_05_2022ControlDIRECTOBI100_1/hw/24_05_2022ControlDIRECTOBI100.xsa
TRACE::2022-06-02.17:34:32::SCWPlatform:: Unique name xilinx:basys3::0.0
TRACE::2022-06-02.17:34:32::SCWPlatform::Trying to set the existing hwdb with name SOCIPLAZO_wrapper_0
TRACE::2022-06-02.17:34:32::SCWPlatform::Opened existing hwdb SOCIPLAZO_wrapper_0
TRACE::2022-06-02.17:34:32::SCWPlatform::Found the Hw Db part of the input DSA
TRACE::2022-06-02.17:34:32::SCWMssOS::Checking the sw design at  C:/IPSOC/XSA/24_05_2022ControlDIRECTOBI100_1/microblaze_0/domain_microblaze_0/bsp/system.mss
TRACE::2022-06-02.17:34:32::SCWMssOS::DEBUG:  swdes dump  C:/IPSOC/XSA/24_05_2022ControlDIRECTOBI100_1/microblaze_0/domain_microblaze_0/bsp/system.mss|system||

TRACE::2022-06-02.17:34:32::SCWMssOS::Sw design exists and opened at  C:/IPSOC/XSA/24_05_2022ControlDIRECTOBI100_1/microblaze_0/domain_microblaze_0/bsp/system.mss
TRACE::2022-06-02.17:34:32::SCWWriter::formatted JSON is {
	"platformName":	"24_05_2022ControlDIRECTOBI100_1",
	"sprVersion":	"2.0",
	"mode":	"gui",
	"dsaType":	"Fixed",
	"platformDesc":	"24_05_2022ControlDIRECTOBI100_1",
	"platHandOff":	"C:/IPSOC/XSA/24_05_2022ControlDIRECTOBI100.xsa",
	"platIntHandOff":	"<platformDir>/hw/24_05_2022ControlDIRECTOBI100.xsa",
	"deviceType":	"FPGA",
	"platIsPrebuiltAutogen":	"false",
	"platIsNoBootBsp":	"false",
	"hasFsblMakeHasChanges":	"false",
	"hasPmufwMakeHasChanges":	"false",
	"platPreBuiltFlag":	false,
	"platformSamplesDir":	"",
	"platActiveSys":	"24_05_2022ControlDIRECTOBI100_1",
	"systems":	[{
			"systemName":	"24_05_2022ControlDIRECTOBI100_1",
			"systemDesc":	"24_05_2022ControlDIRECTOBI100_1",
			"sysIsBootAutoGen":	"true",
			"systemDispName":	"24_05_2022ControlDIRECTOBI100_1",
			"sysActiveDom":	"domain_microblaze_0",
			"sysDefaultDom":	"domain_microblaze_0",
			"domains":	[{
					"domainName":	"domain_microblaze_0",
					"domainDispName":	"domain_microblaze_0",
					"domainDesc":	"domain_microblaze_0",
					"processors":	"microblaze_0",
					"os":	"standalone",
					"sdxOs":	"standalone",
					"debugEnable":	"False",
					"domRuntimes":	["cpp"],
					"swRepo":	"",
					"mssOsVer":	"7.2",
					"mssFile":	"",
					"md5Digest":	"0e1c850805d33bffc45f7c5d2d20a277",
					"compatibleApp":	"hello_world",
					"domType":	"mssDomain",
					"arch":	"32-bit",
					"appSettings":	{
						"appCompilerFlags":	"",
						"appLinkerFlags":	""
					},
					"addedLibs":	[],
					"libOptions":	{
						"libsContainingOptions":	[]
					},
					"prebuiltLibs":	{
						"prebuiltIncPath":	[],
						"prebuiltLibPath":	[]
					},
					"isolation":	{
					}
				}]
		}]
}
KEYINFO::2022-06-02.17:34:32::SCWPlatform::updated the xpfm file.
